2025-04-24 18:55:00 | INFO | repo=arquillian-phantom-binary | action=commit
2025-12-03 13:03:00 | DEBUG | repo=arquillian-phantom-binary | action=edit | files=2
2025-02-26 15:31:00 | INFO | repo=arquillian-phantom-binary | action=commit
2025-12-19 18:17:00 | DEBUG | repo=arquillian-phantom-binary | action=commit
2025-06-27 11:24:00 | INFO | repo=arquillian-phantom-binary | action=edit | files=2
2025-05-14 18:58:00 | DEBUG | repo=arquillian-phantom-binary | action=commit
2025-03-10 13:16:00 | DEBUG | repo=arquillian-phantom-binary | action=commit
2025-07-28 07:28:00 | INFO | repo=arquillian-phantom-binary | action=test | passed=true
2025-10-09 08:16:00 | DEBUG | repo=arquillian-phantom-binary | action=commit
2025-04-14 19:12:00 | INFO | repo=arquillian-phantom-binary | action=commit
2025-06-16 20:28:00 | INFO | repo=arquillian-phantom-binary | action=commit
2025-07-03 16:51:00 | INFO | repo=arquillian-phantom-binary | action=commit
2025-11-17 08:56:00 | DEBUG | repo=arquillian-phantom-binary | action=commit
2025-12-13 20:18:00 | INFO | repo=arquillian-phantom-binary | action=commit
2025-07-10 09:12:00 | INFO | repo=arquillian-phantom-binary | action=commit
2025-08-28 19:19:00 | WARN | repo=arquillian-phantom-binary | action=pull
2025-05-25 13:27:00 | INFO | repo=arquillian-phantom-binary | action=commit
2025-02-01 20:11:00 | WARN | repo=arquillian-phantom-binary | action=edit | files=1
2025-12-23 17:04:00 | INFO | repo=arquillian-phantom-binary | action=edit | files=5
2025-03-18 10:39:00 | WARN | repo=arquillian-phantom-binary | action=edit | files=5
2025-05-21 18:32:00 | WARN | repo=arquillian-phantom-binary | action=test | passed=true
2025-05-23 20:21:00 | WARN | repo=arquillian-phantom-binary | action=commit
2025-01-12 18:44:00 | INFO | repo=arquillian-phantom-binary | action=commit
2025-09-04 20:51:00 | DEBUG | repo=arquillian-phantom-binary | action=commit
2025-08-22 17:52:00 | INFO | repo=arquillian-phantom-binary | action=commit
2025-04-20 07:00:00 | DEBUG | repo=arquillian-phantom-binary | action=edit | files=4
2025-03-12 15:04:00 | WARN | repo=arquillian-phantom-binary | action=commit
2025-01-11 18:05:00 | INFO | repo=arquillian-phantom-binary | action=test | passed=true
2025-04-16 16:18:00 | WARN | repo=arquillian-phantom-binary | action=edit | files=3
2025-07-02 18:40:00 | INFO | repo=arquillian-phantom-binary | action=pull
2025-11-26 09:56:00 | WARN | repo=arquillian-phantom-binary | action=commit
2025-12-06 19:24:00 | WARN | repo=arquillian-phantom-binary | action=commit
2025-01-05 14:55:00 | WARN | repo=arquillian-phantom-binary | action=pull
2025-07-03 11:30:00 | WARN | repo=arquillian-phantom-binary | action=commit
2025-04-09 15:04:00 | INFO | repo=arquillian-phantom-binary | action=commit
2025-07-26 10:47:00 | INFO | repo=arquillian-phantom-binary | action=commit
2025-07-20 18:23:00 | INFO | repo=arquillian-phantom-binary | action=test | passed=true
2025-04-04 07:50:00 | WARN | repo=arquillian-phantom-binary | action=pull
2025-01-09 07:50:00 | DEBUG | repo=arquillian-phantom-binary | action=commit
2025-09-21 08:23:00 | DEBUG | repo=arquillian-phantom-binary | action=commit
2025-06-20 15:21:00 | DEBUG | repo=arquillian-phantom-binary | action=commit
2025-01-21 17:02:00 | WARN | repo=arquillian-phantom-binary | action=commit
2025-07-14 20:41:00 | DEBUG | repo=arquillian-phantom-binary | action=commit
2025-02-02 12:06:00 | INFO | repo=arquillian-phantom-binary | action=commit
2025-11-05 07:32:00 | WARN | repo=arquillian-phantom-binary | action=test | passed=true
2025-01-18 08:25:00 | DEBUG | repo=arquillian-phantom-binary | action=commit
2025-09-16 15:30:00 | INFO | repo=arquillian-phantom-binary | action=pull
2025-11-11 19:22:00 | INFO | repo=arquillian-phantom-binary | action=commit
2025-04-26 13:56:00 | DEBUG | repo=arquillian-phantom-binary | action=commit
